2023-05-19 00:07:39:326 [4216][INFO] TdormFileLog Logger initialized
2023-05-19 00:13:03:295 [6212][INFO] TdormFileLog Logger initialized
2023-05-19 00:13:17:217 [6212][DEBUG] [ENTER: INSERT TSalary]
2023-05-19 00:13:17:217 [6212]  [INFO] Inserting TSalary
2023-05-19 00:13:17:217 [6212]  [DEBUG] [ENTER: Fixing belongs_to TSalary]
2023-05-19 00:13:17:217 [6212]  [DEBUG] [EXIT: Fixing belongs_to TSalary]
2023-05-19 00:13:17:217 [6212]  [DEBUG] PREPARING :INSERT INTO Salaries ("ID","DNI_ROBOCZYCH","DNI_PRZEPRACOWANYCH","SKLADKA_ZDROWOTNA","MIESIAC","ROK","STAWKA","ZUS") VALUES (?,?,?,?,?,?,?,?)
2023-05-19 00:13:28:076 [6212]  [ERROR] EAccessViolation
Access violation at address 00000000 in module 'FreelancerTrackerProj.exe'. Read of address 00000000
2023-05-19 00:13:28:076 [6212][DEBUG] [EXIT: INSERT TSalary]
2023-05-19 00:13:28:107 [6212][INFO] Shutting down TdormFileLog...
2023-05-19 00:19:11:701 [9988][INFO] TdormFileLog Logger initialized
2023-05-19 00:19:11:701 [9988][DEBUG] [ENTER: INSERT TSalary]
2023-05-19 00:19:11:701 [9988]  [INFO] Inserting TSalary
2023-05-19 00:19:11:701 [9988]  [DEBUG] [ENTER: Fixing belongs_to TSalary]
2023-05-19 00:19:11:701 [9988]  [DEBUG] [EXIT: Fixing belongs_to TSalary]
2023-05-19 00:19:11:701 [9988]  [DEBUG] PREPARING :INSERT INTO SALARIES ("ID","DNI_ROBOCZYCH","DNI_PRZEPRACOWANYCH","SKLADKA_ZDROWOTNA","MIESIAC","ROK","STAWKA","ZUS") VALUES (?,?,?,?,?,?,?,?)
2023-05-19 00:19:14:576 [9988]  [ERROR] EAccessViolation
Access violation at address 00000000 in module 'FreelancerTrackerProj.exe'. Read of address 00000000
2023-05-19 00:19:14:576 [9988][DEBUG] [EXIT: INSERT TSalary]
2023-05-19 00:19:14:607 [9988][INFO] Shutting down TdormFileLog...
2023-05-19 00:24:52:967 [9820][INFO] TdormFileLog Logger initialized
2023-05-19 00:24:52:967 [9820][DEBUG] [ENTER: INSERT TSalaryRepository]
2023-05-19 00:24:52:967 [9820]  [INFO] Inserting TSalaryRepository
2023-05-19 00:24:52:967 [9820]  [DEBUG] [ENTER: Fixing belongs_to TSalaryRepository]
2023-05-19 00:24:52:967 [9820]  [DEBUG] [EXIT: Fixing belongs_to TSalaryRepository]
2023-05-19 00:24:52:967 [9820]  [DEBUG] PREPARING :INSERT INTO SALARYREPOSITORY ("REFCOUNT") VALUES (?)
2023-05-19 00:24:55:545 [9820]  [ERROR] EAccessViolation
Access violation at address 00000000 in module 'FreelancerTrackerProj.exe'. Read of address 00000000
2023-05-19 00:24:55:545 [9820][DEBUG] [EXIT: INSERT TSalaryRepository]
2023-05-19 00:24:55:576 [9820][INFO] Shutting down TdormFileLog...
2023-05-19 00:25:18:826 [16380][INFO] TdormFileLog Logger initialized
2023-05-19 00:25:18:826 [16380][DEBUG] [ENTER: INSERT TSalaryRepository]
2023-05-19 00:25:18:826 [16380]  [INFO] Inserting TSalaryRepository
2023-05-19 00:25:18:826 [16380]  [DEBUG] [ENTER: Fixing belongs_to TSalaryRepository]
2023-05-19 00:25:18:826 [16380]  [DEBUG] [EXIT: Fixing belongs_to TSalaryRepository]
2023-05-19 00:25:18:826 [16380]  [DEBUG] PREPARING :INSERT INTO SALARYREPOSITORY ("REFCOUNT") VALUES (?)
2023-05-19 00:26:06:420 [16380]  [ERROR] EAccessViolation
Access violation at address 00000000 in module 'FreelancerTrackerProj.exe'. Read of address 00000000
2023-05-19 00:26:06:420 [16380][DEBUG] [EXIT: INSERT TSalaryRepository]
2023-05-19 00:26:06:451 [16380][INFO] Shutting down TdormFileLog...
2023-05-19 00:30:40:170 [16040][INFO] TdormFileLog Logger initialized
2023-05-19 00:30:40:170 [16040][DEBUG] [ENTER: INSERT TSalaryRepository]
2023-05-19 00:30:40:170 [16040]  [INFO] Inserting TSalaryRepository
2023-05-19 00:30:40:170 [16040]  [DEBUG] [ENTER: Fixing belongs_to TSalaryRepository]
2023-05-19 00:30:40:170 [16040]  [DEBUG] [EXIT: Fixing belongs_to TSalaryRepository]
2023-05-19 00:30:40:170 [16040]  [DEBUG] PREPARING :INSERT INTO SALARYREPOSITORY ("REFCOUNT") VALUES (?)
2023-05-19 00:30:56:420 [16040]  [ERROR] EAccessViolation
Access violation at address 00000000 in module 'FreelancerTrackerProj.exe'. Read of address 00000000
2023-05-19 00:30:56:420 [16040][DEBUG] [EXIT: INSERT TSalaryRepository]
2023-05-19 00:30:56:451 [16040][INFO] Shutting down TdormFileLog...
2023-05-19 00:31:00:748 [8876][INFO] TdormFileLog Logger initialized
2023-05-19 00:31:00:748 [8876][DEBUG] [ENTER: INSERT TSalaryRepository]
2023-05-19 00:31:00:748 [8876]  [INFO] Inserting TSalaryRepository
2023-05-19 00:31:00:748 [8876]  [DEBUG] [ENTER: Fixing belongs_to TSalaryRepository]
2023-05-19 00:31:00:748 [8876]  [DEBUG] [EXIT: Fixing belongs_to TSalaryRepository]
2023-05-19 00:31:00:748 [8876]  [DEBUG] PREPARING :INSERT INTO SALARYREPOSITORY ("REFCOUNT") VALUES (?)
2023-05-19 00:31:19:529 [8876]  [ERROR] EAccessViolation
Access violation at address 00000000 in module 'FreelancerTrackerProj.exe'. Read of address 00000000
2023-05-19 00:31:19:529 [8876][DEBUG] [EXIT: INSERT TSalaryRepository]
2023-05-19 00:31:19:561 [8876][INFO] Shutting down TdormFileLog...
2023-05-19 00:32:42:795 [7516][INFO] TdormFileLog Logger initialized
2023-05-19 00:32:42:795 [7516][DEBUG] [ENTER: INSERT TSalaryRepository]
2023-05-19 00:32:42:795 [7516]  [INFO] Inserting TSalaryRepository
2023-05-19 00:32:42:795 [7516]  [DEBUG] [ENTER: Fixing belongs_to TSalaryRepository]
2023-05-19 00:32:42:795 [7516]  [DEBUG] [EXIT: Fixing belongs_to TSalaryRepository]
2023-05-19 00:32:42:795 [7516]  [DEBUG] PREPARING :INSERT INTO SALARYREPOSITORY ("REFCOUNT") VALUES (?)
2023-05-19 00:32:52:373 [7516]  [ERROR] EUIBError
I/O error during "CreateFile (open)" operation for file "..\..\..\..\data\DORM_SAMPLES.FDB"
Error while trying to open file
System nie może odnaleźć określonej ścieżki. 
can't format message 13:98 -- message file C:\Projekty\FreelancerTracker\Win32\firebird.msg not found
GDS Code: 335544344 - SQL Code: -902 - Error Code: 24
2023-05-19 00:32:52:373 [7516][DEBUG] [EXIT: INSERT TSalaryRepository]
2023-05-19 00:32:52:404 [7516][INFO] Shutting down TdormFileLog...
2023-05-19 00:33:47:201 [11604][INFO] TdormFileLog Logger initialized
2023-05-19 00:33:47:201 [11604][DEBUG] [ENTER: INSERT TSalaryRepository]
2023-05-19 00:33:47:201 [11604]  [INFO] Inserting TSalaryRepository
2023-05-19 00:33:47:201 [11604]  [DEBUG] [ENTER: Fixing belongs_to TSalaryRepository]
2023-05-19 00:33:47:201 [11604]  [DEBUG] [EXIT: Fixing belongs_to TSalaryRepository]
2023-05-19 00:33:47:201 [11604]  [DEBUG] PREPARING :INSERT INTO SALARYREPOSITORY ("REFCOUNT") VALUES (?)
2023-05-19 00:34:52:123 [3204][INFO] TdormFileLog Logger initialized
2023-05-19 00:34:52:123 [3204][DEBUG] [ENTER: INSERT TSalary]
2023-05-19 00:34:52:123 [3204]  [INFO] Inserting TSalary
2023-05-19 00:34:52:123 [3204]  [DEBUG] [ENTER: Fixing belongs_to TSalary]
2023-05-19 00:34:52:123 [3204]  [DEBUG] [EXIT: Fixing belongs_to TSalary]
2023-05-19 00:34:52:123 [3204]  [DEBUG] PREPARING :INSERT INTO SALARIES ("ID","DNI_ROBOCZYCH","DNI_PRZEPRACOWANYCH","SKLADKA_ZDROWOTNA","MIESIAC","ROK","STAWKA","ZUS") VALUES (?,?,?,?,?,?,?,?)
2023-05-19 00:34:53:654 [3204]  [DEBUG] [ENTER: ExecuteAndGetFirst]
2023-05-19 00:34:53:654 [3204]    [INFO] PREPARING: SELECT GEN_ID(GEN_SALARIES_ID,1) FROM RDB$DATABASE
2023-05-19 00:35:26:311 [3204]    [ERROR] EUIBError
invalid request BLR at offset 51
generator GEN_SALARIES_ID is not defined
can't format message 13:896 -- message file C:\Projekty\FreelancerTracker\Win32\firebird.msg not found
GDS Code: 335544343 - SQL Code: -104 - Error Code: 23
2023-05-19 00:35:26:311 [3204]  [DEBUG] [EXIT: INSERT TSalary]
2023-05-19 00:35:26:342 [3204][DEBUG] [EXIT: TSession.Commit]
2023-05-19 00:35:26:358 [3204][INFO] Shutting down TdormFileLog...
2023-05-19 00:35:51:123 [2728][INFO] TdormFileLog Logger initialized
2023-05-19 00:35:51:123 [2728][DEBUG] [ENTER: INSERT TSalary]
2023-05-19 00:35:51:123 [2728]  [INFO] Inserting TSalary
2023-05-19 00:35:51:123 [2728]  [DEBUG] [ENTER: Fixing belongs_to TSalary]
2023-05-19 00:35:51:123 [2728]  [DEBUG] [EXIT: Fixing belongs_to TSalary]
2023-05-19 00:35:51:123 [2728]  [DEBUG] PREPARING :INSERT INTO SALARIES ("DNI_ROBOCZYCH","DNI_PRZEPRACOWANYCH","SKLADKA_ZDROWOTNA","ID","MIESIAC","ROK","STAWKA","ZUS") VALUES (?,?,?,?,?,?,?,?)
2023-05-19 00:35:52:795 [2728]  [DEBUG] Par0 = 0
2023-05-19 00:35:52:795 [2728]  [DEBUG] Par1 = 0
2023-05-19 00:35:57:076 [2728]  [ERROR] EdormException
Parameter type not supported: [float]
2023-05-19 00:35:57:076 [2728][DEBUG] [EXIT: INSERT TSalary]
2023-05-19 00:35:57:108 [2728][DEBUG] [EXIT: TSession.Commit]
2023-05-19 00:35:57:123 [2728][INFO] Shutting down TdormFileLog...
2023-05-19 00:37:30:045 [10936][INFO] TdormFileLog Logger initialized
2023-05-19 00:37:30:045 [10936][DEBUG] [ENTER: INSERT TSalary]
2023-05-19 00:37:30:045 [10936]  [INFO] Inserting TSalary
2023-05-19 00:37:30:045 [10936]  [DEBUG] [ENTER: Fixing belongs_to TSalary]
2023-05-19 00:37:30:045 [10936]  [DEBUG] [EXIT: Fixing belongs_to TSalary]
2023-05-19 00:37:30:045 [10936]  [DEBUG] PREPARING :INSERT INTO SALARIES ("DNI_ROBOCZYCH","DNI_PRZEPRACOWANYCH","SKLADKA_ZDROWOTNA","ID","MIESIAC","ROK","STAWKA","ZUS") VALUES (?,?,?,?,?,?,?,?)
2023-05-19 00:37:30:107 [10936]  [DEBUG] Par0 = 0
2023-05-19 00:40:01:201 [10936][INFO] TdormFileLog Logger initialized
2023-05-19 00:40:01:201 [10936][DEBUG] [ENTER: INSERT TSalary]
2023-05-19 00:40:01:201 [10936]  [INFO] Inserting TSalary
2023-05-19 00:40:01:201 [10936]  [DEBUG] [ENTER: Fixing belongs_to TSalary]
2023-05-19 00:40:01:201 [10936]  [DEBUG] [EXIT: Fixing belongs_to TSalary]
2023-05-19 00:40:01:201 [10936]  [DEBUG] PREPARING :INSERT INTO SALARIES ("DNI_ROBOCZYCH","DNI_PRZEPRACOWANYCH","SKLADKA_ZDROWOTNA","ID","MIESIAC","ROK","STAWKA","ZUS") VALUES (?,?,?,?,?,?,?,?)
2023-05-19 00:40:01:264 [10936]  [DEBUG] Par0 = 0
2023-05-19 00:40:01:264 [10936]  [DEBUG] Par1 = 0
2023-05-19 00:40:05:264 [10936]  [ERROR] EdormException
Parameter type not supported: [float]
2023-05-19 00:40:05:264 [10936][DEBUG] [EXIT: INSERT TSalary]
2023-05-19 00:40:05:295 [10936][DEBUG] [EXIT: TSession.Commit]
2023-05-19 00:40:05:311 [10936][INFO] Shutting down TdormFileLog...
2023-05-19 00:40:41:936 [1900][INFO] TdormFileLog Logger initialized
2023-05-19 00:40:41:936 [1900][DEBUG] [ENTER: INSERT TSalary]
2023-05-19 00:40:41:936 [1900]  [INFO] Inserting TSalary
2023-05-19 00:40:41:936 [1900]  [DEBUG] [ENTER: Fixing belongs_to TSalary]
2023-05-19 00:40:41:936 [1900]  [DEBUG] [EXIT: Fixing belongs_to TSalary]
2023-05-19 00:40:41:936 [1900]  [DEBUG] PREPARING :INSERT INTO SALARIES ("DNI_ROBOCZYCH","DNI_PRZEPRACOWANYCH","SKLADKA_ZDROWOTNA","ID","MIESIAC","ROK","STAWKA","ZUS") VALUES (?,?,?,?,?,?,?,?)
2023-05-19 00:40:59:607 [14368][INFO] TdormFileLog Logger initialized
2023-05-19 00:40:59:623 [14368][DEBUG] [ENTER: INSERT TSalary]
2023-05-19 00:40:59:623 [14368]  [INFO] Inserting TSalary
2023-05-19 00:40:59:623 [14368]  [DEBUG] [ENTER: Fixing belongs_to TSalary]
2023-05-19 00:40:59:623 [14368]  [DEBUG] [EXIT: Fixing belongs_to TSalary]
2023-05-19 00:40:59:623 [14368]  [DEBUG] PREPARING :INSERT INTO SALARIES ("DNI_ROBOCZYCH","DNI_PRZEPRACOWANYCH","SKLADKA_ZDROWOTNA","ID","MIESIAC","ROK","STAWKA","ZUS") VALUES (?,?,?,?,?,?,?,?)
2023-05-19 00:41:26:982 [12060][INFO] TdormFileLog Logger initialized
2023-05-19 00:41:26:982 [12060][DEBUG] [ENTER: INSERT TSalary]
2023-05-19 00:41:26:982 [12060]  [INFO] Inserting TSalary
2023-05-19 00:41:26:982 [12060]  [DEBUG] [ENTER: Fixing belongs_to TSalary]
2023-05-19 00:41:26:982 [12060]  [DEBUG] [EXIT: Fixing belongs_to TSalary]
2023-05-19 00:41:26:982 [12060]  [DEBUG] PREPARING :INSERT INTO SALARIES ("DNI_ROBOCZYCH","DNI_PRZEPRACOWANYCH","SKLADKA_ZDROWOTNA","ID","MIESIAC","ROK","STAWKA","ZUS") VALUES (?,?,?,?,?,?,?,?)
2023-05-19 00:45:04:045 [16236][INFO] TdormFileLog Logger initialized
2023-05-19 00:45:04:045 [16236][DEBUG] [ENTER: INSERT TSalary]
2023-05-19 00:45:04:045 [16236]  [INFO] Inserting TSalary
2023-05-19 00:45:04:045 [16236]  [DEBUG] [ENTER: Fixing belongs_to TSalary]
2023-05-19 00:45:04:045 [16236]  [DEBUG] [EXIT: Fixing belongs_to TSalary]
2023-05-19 00:45:04:045 [16236]  [DEBUG] PREPARING :INSERT INTO SALARIES ("DNI_ROBOCZYCH","DNI_PRZEPRACOWANYCH","SKLADKA_ZDROWOTNA","ID","MIESIAC","ROK","STAWKA","ZUS") VALUES (?,?,?,?,?,?,?,?)
2023-05-19 00:51:20:319 [11236][INFO] TdormFileLog Logger initialized
2023-05-19 00:51:20:319 [11236][DEBUG] [ENTER: INSERT TSalary]
2023-05-19 00:51:20:319 [11236]  [INFO] Inserting TSalary
2023-05-19 00:51:20:319 [11236]  [DEBUG] [ENTER: Fixing belongs_to TSalary]
2023-05-19 00:51:20:319 [11236]  [DEBUG] [EXIT: Fixing belongs_to TSalary]
2023-05-19 00:51:20:319 [11236]  [DEBUG] PREPARING :INSERT INTO SALARIES ("DNI_ROBOCZYCH","DNI_PRZEPRACOWANYCH","SKLADKA_ZDROWOTNA","ID","MIESIAC","ROK","STAWKA","ZUS") VALUES (?,?,?,?,?,?,?,?)
2023-05-19 00:51:23:123 [11236]  [DEBUG] Par0 = 0
2023-05-19 00:51:24:998 [11236]  [DEBUG] Par1 = 0
2023-05-19 00:51:30:467 [11236]  [DEBUG] Par2 = 0
2023-05-19 00:51:32:535 [11236]  [DEBUG] [ENTER: ExecuteAndGetFirst]
2023-05-19 00:51:32:535 [11236]    [INFO] PREPARING: SELECT GEN_ID(GEN_SALARIES_ID,1) FROM RDB$DATABASE
2023-05-19 01:03:21:919 [11732][INFO] TdormFileLog Logger initialized
2023-05-19 01:03:21:919 [11732][DEBUG] [ENTER: INSERT TSalary]
2023-05-19 01:04:00:389 [11732]  [ERROR] EdormException
Cannot insert [TSalary] because OI is not null
2023-05-19 01:04:00:389 [11732][DEBUG] [EXIT: INSERT TSalary]
2023-05-19 01:04:00:436 [11732][INFO] Shutting down TdormFileLog...
2023-05-19 01:04:15:623 [12124][INFO] TdormFileLog Logger initialized
2023-05-19 01:04:15:624 [12124][DEBUG] [ENTER: INSERT TSalary]
2023-05-19 01:04:17:233 [12124]  [ERROR] EdormException
Cannot insert [TSalary] because OI is not null
2023-05-19 01:04:17:233 [12124][DEBUG] [EXIT: INSERT TSalary]
2023-05-19 01:04:17:248 [12124][INFO] Shutting down TdormFileLog...
2023-05-19 01:06:28:522 [720][INFO] TdormFileLog Logger initialized
2023-05-19 01:06:28:523 [720][DEBUG] [ENTER: INSERT TSalary]
2023-05-19 01:06:28:523 [720]  [INFO] Inserting TSalary
2023-05-19 01:06:28:523 [720]  [DEBUG] [ENTER: Fixing belongs_to TSalary]
2023-05-19 01:06:28:523 [720]  [DEBUG] [EXIT: Fixing belongs_to TSalary]
2023-05-19 01:06:28:523 [720]  [DEBUG] PREPARING :INSERT INTO SALARIES ("ID","DNI_ROBOCZYCH","DNI_PRZEPRACOWANYCH","SKLADKA_ZDROWOTNA","MIESIAC","ROK","STAWKA","ZUS") VALUES (?,?,?,?,?,?,?,?)
2023-05-19 01:06:31:658 [720]  [DEBUG] [ENTER: ExecuteAndGetFirst]
2023-05-19 01:06:31:658 [720]    [INFO] PREPARING: SELECT GEN_ID(GEN_SALARIES_ID,1) FROM RDB$DATABASE
2023-05-19 01:06:31:658 [720]    [INFO] EXECUTING: SELECT GEN_ID(GEN_SALARIES_ID,1) FROM RDB$DATABASE
2023-05-19 01:06:31:658 [720]  [DEBUG] [EXIT: ExecuteAndGetFirst]
2023-05-19 01:06:31:658 [720]  [DEBUG] ParPK = 1
2023-05-19 01:06:32:843 [720]  [DEBUG] Par1 = 0
2023-05-19 01:06:32:843 [720]  [DEBUG] Par2 = 0
2023-05-19 01:06:32:843 [720]  [DEBUG] Par3 = 0
2023-05-19 01:06:32:843 [720]  [DEBUG] Par4 = 1
2023-05-19 01:06:32:843 [720]  [DEBUG] Par5 = 2023
2023-05-19 01:06:32:843 [720]  [DEBUG] Par6 = 0
2023-05-19 01:06:32:843 [720]  [DEBUG] Par7 = 0
2023-05-19 01:06:32:843 [720]  [DEBUG] EXECUTING PREPARED :INSERT INTO SALARIES ("ID","DNI_ROBOCZYCH","DNI_PRZEPRACOWANYCH","SKLADKA_ZDROWOTNA","MIESIAC","ROK","STAWKA","ZUS") VALUES (?,?,?,?,?,?,?,?)
2023-05-19 01:06:32:843 [720]  [DEBUG] [ENTER: has_many TSalary]
2023-05-19 01:06:32:843 [720]    [DEBUG] Saving has_many for TSalary
2023-05-19 01:06:32:843 [720]  [DEBUG] [EXIT: has_many TSalary]
2023-05-19 01:06:32:843 [720]  [DEBUG] [ENTER: has_one TSalary]
2023-05-19 01:06:32:843 [720]    [DEBUG] Saving _has_one for TSalary
2023-05-19 01:06:32:843 [720]  [DEBUG] [EXIT: has_one TSalary]
2023-05-19 01:06:32:843 [720][DEBUG] [EXIT: INSERT TSalary]
2023-05-19 01:06:32:843 [720][DEBUG] [EXIT: TSession.Commit]
2023-05-19 01:06:32:858 [720][INFO] Shutting down TdormFileLog...
2023-05-19 01:12:27:178 [14484][INFO] TdormFileLog Logger initialized
2023-05-19 01:12:27:178 [14484][DEBUG] [ENTER: <Criteria = nil, Full select automatically generated>]
2023-05-19 01:12:27:178 [14484]  [DEBUG] EXECUTING: SELECT "ID","DNI_ROBOCZYCH","DNI_PRZEPRACOWANYCH","SKLADKA_ZDROWOTNA","MIESIAC","ROK","STAWKA","ZUS" FROM SALARIES 
2023-05-19 01:13:48:312 [7412][INFO] TdormFileLog Logger initialized
2023-05-19 01:13:48:312 [7412][DEBUG] [ENTER: <Criteria = nil, Full select automatically generated>]
2023-05-19 01:13:48:312 [7412]  [DEBUG] EXECUTING: SELECT "ID","DNI_ROBOCZYCH","DNI_PRZEPRACOWANYCH","SKLADKA_ZDROWOTNA","MIESIAC","ROK","STAWKA","ZUS" FROM SALARIES 
2023-05-19 01:14:52:078 [14544][INFO] TdormFileLog Logger initialized
2023-05-19 01:14:52:079 [14544][DEBUG] [ENTER: <Criteria = nil, Full select automatically generated>]
2023-05-19 01:14:52:079 [14544]  [DEBUG] EXECUTING: SELECT "ID","DNI_ROBOCZYCH","DNI_PRZEPRACOWANYCH","SKLADKA_ZDROWOTNA","MIESIAC","ROK","STAWKA","ZUS" FROM SALARIES 
2023-05-19 01:14:56:160 [14544][DEBUG] [EXIT: <Criteria = nil, Full select automatically generated>]
2023-05-19 01:14:56:160 [14544][DEBUG] [EXIT: TSession.Commit]
2023-05-19 01:14:56:170 [14544][INFO] Shutting down TdormFileLog...
2023-05-19 01:20:39:064 [5248][INFO] TdormFileLog Logger initialized
2023-05-19 01:20:39:064 [5248][DEBUG] [ENTER: <Criteria = nil, Full select automatically generated>]
2023-05-19 01:20:39:064 [5248]  [DEBUG] EXECUTING: SELECT "ID","DNI_ROBOCZYCH","DNI_PRZEPRACOWANYCH","SKLADKA_ZDROWOTNA","MIESIAC","ROK","STAWKA","ZUS" FROM SALARIES 
2023-05-19 01:20:39:124 [5248][DEBUG] [EXIT: <Criteria = nil, Full select automatically generated>]
2023-05-19 01:20:39:124 [5248][DEBUG] [EXIT: TSession.Commit]
2023-05-19 01:20:39:131 [5248][INFO] Shutting down TdormFileLog...
2023-05-19 01:20:52:737 [10416][INFO] TdormFileLog Logger initialized
2023-05-19 01:20:52:738 [10416][DEBUG] [ENTER: <Criteria = nil, Full select automatically generated>]
2023-05-19 01:20:52:738 [10416]  [DEBUG] EXECUTING: SELECT "ID","DNI_ROBOCZYCH","DNI_PRZEPRACOWANYCH","SKLADKA_ZDROWOTNA","MIESIAC","ROK","STAWKA","ZUS" FROM SALARIES 
2023-05-19 01:20:52:777 [10416][DEBUG] [EXIT: <Criteria = nil, Full select automatically generated>]
2023-05-19 01:20:52:777 [10416][DEBUG] [EXIT: TSession.Commit]
2023-05-19 01:20:52:788 [10416][INFO] Shutting down TdormFileLog...
2023-05-19 01:21:25:418 [14736][INFO] TdormFileLog Logger initialized
2023-05-19 01:21:25:418 [14736][DEBUG] [ENTER: <Criteria = nil, Full select automatically generated>]
2023-05-19 01:21:25:418 [14736]  [DEBUG] EXECUTING: SELECT "ID","DNI_ROBOCZYCH","DNI_PRZEPRACOWANYCH","SKLADKA_ZDROWOTNA","MIESIAC","ROK","STAWKA","ZUS" FROM SALARIES 
2023-05-19 01:21:25:461 [14736][DEBUG] [EXIT: <Criteria = nil, Full select automatically generated>]
2023-05-19 01:21:25:461 [14736][DEBUG] [EXIT: TSession.Commit]
2023-05-19 01:21:25:469 [14736][INFO] Shutting down TdormFileLog...
2023-05-19 01:21:28:104 [6640][INFO] TdormFileLog Logger initialized
2023-05-19 01:21:28:105 [6640][DEBUG] [ENTER: <Criteria = nil, Full select automatically generated>]
2023-05-19 01:21:28:105 [6640]  [DEBUG] EXECUTING: SELECT "ID","DNI_ROBOCZYCH","DNI_PRZEPRACOWANYCH","SKLADKA_ZDROWOTNA","MIESIAC","ROK","STAWKA","ZUS" FROM SALARIES 
2023-05-19 01:21:28:124 [6640][DEBUG] [EXIT: <Criteria = nil, Full select automatically generated>]
2023-05-19 01:21:28:125 [6640][DEBUG] [EXIT: TSession.Commit]
2023-05-19 01:21:28:133 [6640][INFO] Shutting down TdormFileLog...
2023-05-19 01:22:41:498 [4960][INFO] TdormFileLog Logger initialized
2023-05-19 01:22:41:498 [4960][DEBUG] [ENTER: <Criteria = nil, Full select automatically generated>]
2023-05-19 01:22:41:498 [4960]  [DEBUG] EXECUTING: SELECT "ID","DNI_ROBOCZYCH","DNI_PRZEPRACOWANYCH","SKLADKA_ZDROWOTNA","MIESIAC","ROK","STAWKA","ZUS" FROM SALARIES 
2023-05-19 01:22:41:545 [4960][DEBUG] [EXIT: <Criteria = nil, Full select automatically generated>]
2023-05-19 01:22:41:545 [4960][DEBUG] [EXIT: TSession.Commit]
2023-05-19 01:22:41:561 [4960][INFO] Shutting down TdormFileLog...
2023-05-19 01:22:44:365 [1812][INFO] TdormFileLog Logger initialized
2023-05-19 01:22:44:365 [1812][DEBUG] [ENTER: <Criteria = nil, Full select automatically generated>]
2023-05-19 01:22:44:365 [1812]  [DEBUG] EXECUTING: SELECT "ID","DNI_ROBOCZYCH","DNI_PRZEPRACOWANYCH","SKLADKA_ZDROWOTNA","MIESIAC","ROK","STAWKA","ZUS" FROM SALARIES 
2023-05-19 01:22:44:398 [1812][DEBUG] [EXIT: <Criteria = nil, Full select automatically generated>]
2023-05-19 01:22:44:398 [1812][DEBUG] [EXIT: TSession.Commit]
2023-05-19 01:22:44:406 [1812][INFO] Shutting down TdormFileLog...
2023-05-19 01:26:07:419 [7808][INFO] TdormFileLog Logger initialized
2023-05-19 01:26:07:419 [7808][DEBUG] [ENTER: <Criteria = nil, Full select automatically generated>]
2023-05-19 01:26:07:419 [7808]  [DEBUG] EXECUTING: SELECT "ID","DNI_ROBOCZYCH","DNI_PRZEPRACOWANYCH","SKLADKA_ZDROWOTNA","MIESIAC","ROK","STAWKA","ZUS" FROM SALARIES 
2023-05-19 01:26:07:451 [7808][DEBUG] [EXIT: <Criteria = nil, Full select automatically generated>]
2023-05-19 01:26:07:451 [7808][DEBUG] [EXIT: TSession.Commit]
2023-05-19 01:26:07:451 [7808][INFO] Shutting down TdormFileLog...
2023-05-19 01:26:10:119 [908][INFO] TdormFileLog Logger initialized
2023-05-19 01:26:10:119 [908][DEBUG] [ENTER: <Criteria = nil, Full select automatically generated>]
2023-05-19 01:26:10:119 [908]  [DEBUG] EXECUTING: SELECT "ID","DNI_ROBOCZYCH","DNI_PRZEPRACOWANYCH","SKLADKA_ZDROWOTNA","MIESIAC","ROK","STAWKA","ZUS" FROM SALARIES 
2023-05-19 01:26:10:137 [908][DEBUG] [EXIT: <Criteria = nil, Full select automatically generated>]
2023-05-19 01:26:10:137 [908][DEBUG] [EXIT: TSession.Commit]
2023-05-19 01:26:10:146 [908][INFO] Shutting down TdormFileLog...
2023-05-19 01:26:13:075 [13732][INFO] TdormFileLog Logger initialized
2023-05-19 01:26:13:075 [13732][DEBUG] [ENTER: <Criteria = nil, Full select automatically generated>]
2023-05-19 01:26:13:075 [13732]  [DEBUG] EXECUTING: SELECT "ID","DNI_ROBOCZYCH","DNI_PRZEPRACOWANYCH","SKLADKA_ZDROWOTNA","MIESIAC","ROK","STAWKA","ZUS" FROM SALARIES 
2023-05-19 01:26:13:099 [13732][DEBUG] [EXIT: <Criteria = nil, Full select automatically generated>]
2023-05-19 01:26:13:099 [13732][DEBUG] [EXIT: TSession.Commit]
2023-05-19 01:26:13:109 [13732][INFO] Shutting down TdormFileLog...
2023-05-19 01:26:21:464 [11112][INFO] TdormFileLog Logger initialized
2023-05-19 01:26:21:464 [11112][DEBUG] [ENTER: <Criteria = nil, Full select automatically generated>]
2023-05-19 01:26:21:464 [11112]  [DEBUG] EXECUTING: SELECT "ID","DNI_ROBOCZYCH","DNI_PRZEPRACOWANYCH","SKLADKA_ZDROWOTNA","MIESIAC","ROK","STAWKA","ZUS" FROM SALARIES 
2023-05-19 01:26:21:484 [11112][DEBUG] [EXIT: <Criteria = nil, Full select automatically generated>]
2023-05-19 01:26:21:484 [11112][DEBUG] [EXIT: TSession.Commit]
2023-05-19 01:26:21:494 [11112][INFO] Shutting down TdormFileLog...
2023-05-19 01:26:56:294 [1812][INFO] TdormFileLog Logger initialized
2023-05-19 01:26:56:294 [1812][DEBUG] [ENTER: <Criteria = nil, Full select automatically generated>]
2023-05-19 01:26:56:295 [1812]  [DEBUG] EXECUTING: SELECT "ID","DNI_ROBOCZYCH","DNI_PRZEPRACOWANYCH","SKLADKA_ZDROWOTNA","MIESIAC","ROK","STAWKA","ZUS" FROM SALARIES 
2023-05-19 01:26:56:327 [1812][DEBUG] [EXIT: <Criteria = nil, Full select automatically generated>]
2023-05-19 01:26:56:327 [1812][DEBUG] [EXIT: TSession.Commit]
2023-05-19 01:26:56:327 [1812][INFO] Shutting down TdormFileLog...
2023-05-19 01:27:00:286 [8052][INFO] TdormFileLog Logger initialized
2023-05-19 01:27:00:287 [8052][DEBUG] [ENTER: <Criteria = nil, Full select automatically generated>]
2023-05-19 01:27:00:287 [8052]  [DEBUG] EXECUTING: SELECT "ID","DNI_ROBOCZYCH","DNI_PRZEPRACOWANYCH","SKLADKA_ZDROWOTNA","MIESIAC","ROK","STAWKA","ZUS" FROM SALARIES 
2023-05-19 01:27:00:327 [8052][DEBUG] [EXIT: <Criteria = nil, Full select automatically generated>]
2023-05-19 01:27:00:327 [8052][DEBUG] [EXIT: TSession.Commit]
2023-05-19 01:27:00:336 [8052][INFO] Shutting down TdormFileLog...
2023-05-19 01:32:36:328 [7820][INFO] TdormFileLog Logger initialized
2023-05-19 01:32:36:328 [7820][DEBUG] [ENTER: <Criteria = nil, Full select automatically generated>]
2023-05-19 01:32:36:328 [7820]  [DEBUG] EXECUTING: SELECT "ID","DNI_ROBOCZYCH","DNI_PRZEPRACOWANYCH","SKLADKA_ZDROWOTNA","MIESIAC","ROK","STAWKA","ZUS" FROM SALARIES 
2023-05-19 01:32:36:376 [7820][DEBUG] [EXIT: <Criteria = nil, Full select automatically generated>]
2023-05-19 01:32:36:376 [7820][DEBUG] [EXIT: TSession.Commit]
2023-05-19 01:32:36:376 [7820][INFO] Shutting down TdormFileLog...
2023-05-19 01:32:40:786 [10128][INFO] TdormFileLog Logger initialized
2023-05-19 01:32:40:786 [10128][DEBUG] [ENTER: <Criteria = nil, Full select automatically generated>]
2023-05-19 01:32:40:786 [10128]  [DEBUG] EXECUTING: SELECT "ID","DNI_ROBOCZYCH","DNI_PRZEPRACOWANYCH","SKLADKA_ZDROWOTNA","MIESIAC","ROK","STAWKA","ZUS" FROM SALARIES 
2023-05-19 01:32:40:822 [10128][DEBUG] [EXIT: <Criteria = nil, Full select automatically generated>]
2023-05-19 01:32:40:822 [10128][DEBUG] [EXIT: TSession.Commit]
2023-05-19 01:32:40:831 [10128][INFO] Shutting down TdormFileLog...
2023-05-19 01:33:19:967 [9560][INFO] TdormFileLog Logger initialized
2023-05-19 01:33:19:967 [9560][DEBUG] [ENTER: <Criteria = nil, Full select automatically generated>]
2023-05-19 01:33:19:967 [9560]  [DEBUG] EXECUTING: SELECT "ID","DNI_ROBOCZYCH","DNI_PRZEPRACOWANYCH","SKLADKA_ZDROWOTNA","MIESIAC","ROK","STAWKA","ZUS" FROM SALARIES 
2023-05-19 01:33:20:014 [9560][DEBUG] [EXIT: <Criteria = nil, Full select automatically generated>]
2023-05-19 01:33:20:014 [9560][DEBUG] [EXIT: TSession.Commit]
2023-05-19 01:33:20:014 [9560][INFO] Shutting down TdormFileLog...
2023-05-19 01:33:22:649 [8964][INFO] TdormFileLog Logger initialized
2023-05-19 01:33:22:649 [8964][DEBUG] [ENTER: <Criteria = nil, Full select automatically generated>]
2023-05-19 01:33:22:649 [8964]  [DEBUG] EXECUTING: SELECT "ID","DNI_ROBOCZYCH","DNI_PRZEPRACOWANYCH","SKLADKA_ZDROWOTNA","MIESIAC","ROK","STAWKA","ZUS" FROM SALARIES 
2023-05-19 01:33:22:667 [8964][DEBUG] [EXIT: <Criteria = nil, Full select automatically generated>]
2023-05-19 01:33:22:667 [8964][DEBUG] [EXIT: TSession.Commit]
2023-05-19 01:33:22:676 [8964][INFO] Shutting down TdormFileLog...
2023-05-19 01:33:45:154 [9412][INFO] TdormFileLog Logger initialized
2023-05-19 01:33:45:154 [9412][DEBUG] [ENTER: <Criteria = nil, Full select automatically generated>]
2023-05-19 01:33:45:154 [9412]  [DEBUG] EXECUTING: SELECT "ID","DNI_ROBOCZYCH","DNI_PRZEPRACOWANYCH","SKLADKA_ZDROWOTNA","MIESIAC","ROK","STAWKA","ZUS" FROM SALARIES 
2023-05-19 01:33:45:201 [9412][DEBUG] [EXIT: <Criteria = nil, Full select automatically generated>]
2023-05-19 01:33:45:201 [9412][DEBUG] [EXIT: TSession.Commit]
2023-05-19 01:33:45:217 [9412][INFO] Shutting down TdormFileLog...
2023-05-19 01:33:46:288 [3736][INFO] TdormFileLog Logger initialized
2023-05-19 01:33:46:288 [3736][DEBUG] [ENTER: <Criteria = nil, Full select automatically generated>]
2023-05-19 01:33:46:288 [3736]  [DEBUG] EXECUTING: SELECT "ID","DNI_ROBOCZYCH","DNI_PRZEPRACOWANYCH","SKLADKA_ZDROWOTNA","MIESIAC","ROK","STAWKA","ZUS" FROM SALARIES 
2023-05-19 01:33:46:310 [3736][DEBUG] [EXIT: <Criteria = nil, Full select automatically generated>]
2023-05-19 01:33:46:310 [3736][DEBUG] [EXIT: TSession.Commit]
2023-05-19 01:33:46:319 [3736][INFO] Shutting down TdormFileLog...
2023-05-19 01:36:33:029 [8568][INFO] TdormFileLog Logger initialized
2023-05-19 01:36:33:029 [8568][DEBUG] [ENTER: <Criteria = nil, Full select automatically generated>]
2023-05-19 01:36:33:029 [8568]  [DEBUG] EXECUTING: SELECT "ID","DNI_ROBOCZYCH","DNI_PRZEPRACOWANYCH","SKLADKA_ZDROWOTNA","MIESIAC","ROK","STAWKA","ZUS" FROM SALARIES 
2023-05-19 01:36:33:076 [8568][DEBUG] [EXIT: <Criteria = nil, Full select automatically generated>]
2023-05-19 01:36:33:076 [8568][DEBUG] [EXIT: TSession.Commit]
2023-05-19 01:36:33:092 [8568][INFO] Shutting down TdormFileLog...
2023-05-19 01:36:45:499 [15460][INFO] TdormFileLog Logger initialized
2023-05-19 01:36:45:499 [15460][DEBUG] [ENTER: <Criteria = nil, Full select automatically generated>]
2023-05-19 01:36:45:499 [15460]  [DEBUG] EXECUTING: SELECT "ID","DNI_ROBOCZYCH","DNI_PRZEPRACOWANYCH","SKLADKA_ZDROWOTNA","MIESIAC","ROK","STAWKA","ZUS" FROM SALARIES 
2023-05-19 01:36:45:534 [15460][DEBUG] [EXIT: <Criteria = nil, Full select automatically generated>]
2023-05-19 01:36:45:534 [15460][DEBUG] [EXIT: TSession.Commit]
2023-05-19 01:36:45:540 [15460][INFO] Shutting down TdormFileLog...
2023-05-19 01:39:42:676 [9764][INFO] TdormFileLog Logger initialized
2023-05-19 01:39:42:676 [9764][DEBUG] [ENTER: <Criteria = nil, Full select automatically generated>]
2023-05-19 01:39:42:676 [9764]  [DEBUG] EXECUTING: SELECT "ID","DNI_ROBOCZYCH","DNI_PRZEPRACOWANYCH","SKLADKA_ZDROWOTNA","MIESIAC","ROK","STAWKA","ZUS" FROM SALARIES 
2023-05-19 01:39:42:722 [9764][DEBUG] [EXIT: <Criteria = nil, Full select automatically generated>]
2023-05-19 01:39:42:722 [9764][DEBUG] [EXIT: TSession.Commit]
2023-05-19 01:39:42:730 [9764][INFO] Shutting down TdormFileLog...
2023-05-19 01:39:49:601 [13960][INFO] TdormFileLog Logger initialized
2023-05-19 01:39:49:601 [13960][DEBUG] [ENTER: <Criteria = nil, Full select automatically generated>]
2023-05-19 01:39:49:601 [13960]  [DEBUG] EXECUTING: SELECT "ID","DNI_ROBOCZYCH","DNI_PRZEPRACOWANYCH","SKLADKA_ZDROWOTNA","MIESIAC","ROK","STAWKA","ZUS" FROM SALARIES 
2023-05-19 01:39:49:621 [13960][DEBUG] [EXIT: <Criteria = nil, Full select automatically generated>]
2023-05-19 01:39:49:621 [13960][DEBUG] [EXIT: TSession.Commit]
2023-05-19 01:39:49:630 [13960][INFO] Shutting down TdormFileLog...
